# JRE version: Java(TM) SE Runtime Environment (15.0.2+7) (build 15.0.2+7-27)
# Java VM: Java HotSpot(TM) 64-Bit Server VM (15.0.2+7-27, mixed mode, sharing, tiered, compressed oops, g1 gc, windows-amd64)
GC Precious Log:
 CPUs: 8 total, 8 available
 Memory: 32549M
 Large Page Support: Disabled
 NUMA Support: Disabled
 Compressed Oops: Enabled (Zero based)
 Heap Region Size: 4M
 Heap Min Capacity: 8M
 Heap Initial Capacity: 512M
 Heap Max Capacity: 8140M
 Pre-touch: Disabled
 Parallel Workers: 8
 Concurrent Workers: 2
 Concurrent Refinement Workers: 8
 Periodic GC: Disabled
Heap:
 garbage-first heap   total 524288K, used 5786K [0x0000000603400000, 0x0000000800000000)
  region size 4096K, 3 young (12288K), 1 survivors (4096K)
 Metaspace       used 2837K, capacity 4806K, committed 5120K, reserved 1056768K
  class space    used 255K, capacity 429K, committed 512K, reserved 1048576K
GC Heap History (20 events):
Event: 7.352 GC heap before
{Heap before GC invocations=0 (full 0):
 garbage-first heap   total 524288K, used 24576K [0x0000000603400000, 0x0000000800000000)
  region size 4096K, 6 young (24576K), 0 survivors (0K)
 Metaspace       used 2809K, capacity 4806K, committed 5120K, reserved 1056768K
  class space    used 252K, capacity 429K, committed 512K, reserved 1048576K
}
Event: 7.366 GC heap after
{Heap after GC invocations=1 (full 0):
 garbage-first heap   total 524288K, used 1565K [0x0000000603400000, 0x0000000800000000)
  region size 4096K, 1 young (4096K), 1 survivors (4096K)
 Metaspace       used 2809K, capacity 4806K, committed 5120K, reserved 1056768K
  class space    used 252K, capacity 429K, committed 512K, reserved 1048576K
}
Event: 22.642 GC heap before
{Heap before GC invocations=1 (full 0):
 garbage-first heap   total 524288K, used 34333K [0x0000000603400000, 0x0000000800000000)
  region size 4096K, 9 young (36864K), 1 survivors (4096K)
 Metaspace       used 2810K, capacity 4806K, committed 5120K, reserved 1056768K
  class space    used 252K, capacity 429K, committed 512K, reserved 1048576K
}
Event: 22.643 GC heap after
{Heap after GC invocations=2 (full 0):
 garbage-first heap   total 524288K, used 1716K [0x0000000603400000, 0x0000000800000000)
  region size 4096K, 1 young (4096K), 1 survivors (4096K)
 Metaspace       used 2810K, capacity 4806K, committed 5120K, reserved 1056768K
  class space    used 252K, capacity 429K, committed 512K, reserved 1048576K
}
Event: 182.888 GC heap before
{Heap before GC invocations=2 (full 0):
 garbage-first heap   total 524288K, used 308916K [0x0000000603400000, 0x0000000800000000)
  region size 4096K, 76 young (311296K), 1 survivors (4096K)
 Metaspace       used 2810K, capacity 4806K, committed 5120K, reserved 1056768K
  class space    used 252K, capacity 429K, committed 512K, reserved 1048576K
}
Event: 182.890 GC heap after
{Heap after GC invocations=3 (full 0):
 garbage-first heap   total 524288K, used 1653K [0x0000000603400000, 0x0000000800000000)
  region size 4096K, 1 young (4096K), 1 survivors (4096K)
 Metaspace       used 2810K, capacity 4806K, committed 5120K, reserved 1056768K
  class space    used 252K, capacity 429K, committed 512K, reserved 1048576K
}
Event: 347.913 GC heap before
{Heap before GC invocations=3 (full 0):
 garbage-first heap   total 524288K, used 308853K [0x0000000603400000, 0x0000000800000000)
  region size 4096K, 76 young (311296K), 1 survivors (4096K)
 Metaspace       used 2810K, capacity 4806K, committed 5120K, reserved 1056768K
  class space    used 252K, capacity 429K, committed 512K, reserved 1048576K
}
Event: 347.914 GC heap after
{Heap after GC invocations=4 (full 0):
 garbage-first heap   total 524288K, used 1704K [0x0000000603400000, 0x0000000800000000)
  region size 4096K, 1 young (4096K), 1 survivors (4096K)
 Metaspace       used 2810K, capacity 4806K, committed 5120K, reserved 1056768K
  class space    used 252K, capacity 429K, committed 512K, reserved 1048576K
}
Event: 508.251 GC heap before
{Heap before GC invocations=4 (full 0):
 garbage-first heap   total 524288K, used 308904K [0x0000000603400000, 0x0000000800000000)
  region size 4096K, 76 young (311296K), 1 survivors (4096K)
 Metaspace       used 2810K, capacity 4806K, committed 5120K, reserved 1056768K
  class space    used 252K, capacity 429K, committed 512K, reserved 1048576K
}
Event: 508.252 GC heap after
{Heap after GC invocations=5 (full 0):
 garbage-first heap   total 524288K, used 1671K [0x0000000603400000, 0x0000000800000000)
  region size 4096K, 1 young (4096K), 1 survivors (4096K)
 Metaspace       used 2810K, capacity 4806K, committed 5120K, reserved 1056768K
  class space    used 252K, capacity 429K, committed 512K, reserved 1048576K
}
Event: 664.644 GC heap before
{Heap before GC invocations=5 (full 0):
 garbage-first heap   total 524288K, used 308871K [0x0000000603400000, 0x0000000800000000)
  region size 4096K, 76 young (311296K), 1 survivors (4096K)
 Metaspace       used 2810K, capacity 4806K, committed 5120K, reserved 1056768K
  class space    used 252K, capacity 429K, committed 512K, reserved 1048576K
}
Event: 664.645 GC heap after
{Heap after GC invocations=6 (full 0):
 garbage-first heap   total 524288K, used 1714K [0x0000000603400000, 0x0000000800000000)
  region size 4096K, 1 young (4096K), 1 survivors (4096K)
 Metaspace       used 2810K, capacity 4806K, committed 5120K, reserved 1056768K
  class space    used 252K, capacity 429K, committed 512K, reserved 1048576K
}
Event: 829.893 GC heap before
{Heap before GC invocations=6 (full 0):
 garbage-first heap   total 524288K, used 308914K [0x0000000603400000, 0x0000000800000000)
  region size 4096K, 76 young (311296K), 1 survivors (4096K)
 Metaspace       used 2813K, capacity 4806K, committed 5120K, reserved 1056768K
  class space    used 252K, capacity 429K, committed 512K, reserved 1048576K
}
Event: 829.894 GC heap after
{Heap after GC invocations=7 (full 0):
 garbage-first heap   total 524288K, used 1652K [0x0000000603400000, 0x0000000800000000)
  region size 4096K, 1 young (4096K), 1 survivors (4096K)
 Metaspace       used 2813K, capacity 4806K, committed 5120K, reserved 1056768K
  class space    used 252K, capacity 429K, committed 512K, reserved 1048576K
}
Event: 1016.087 GC heap before
{Heap before GC invocations=7 (full 0):
 garbage-first heap   total 524288K, used 308852K [0x0000000603400000, 0x0000000800000000)
  region size 4096K, 76 young (311296K), 1 survivors (4096K)
 Metaspace       used 2813K, capacity 4806K, committed 5120K, reserved 1056768K
  class space    used 252K, capacity 429K, committed 512K, reserved 1048576K
}
Event: 1016.089 GC heap after
{Heap after GC invocations=8 (full 0):
 garbage-first heap   total 524288K, used 1680K [0x0000000603400000, 0x0000000800000000)
  region size 4096K, 1 young (4096K), 1 survivors (4096K)
 Metaspace       used 2813K, capacity 4806K, committed 5120K, reserved 1056768K
  class space    used 252K, capacity 429K, committed 512K, reserved 1048576K
}
Event: 1248.731 GC heap before
{Heap before GC invocations=8 (full 0):
 garbage-first heap   total 524288K, used 308880K [0x0000000603400000, 0x0000000800000000)
  region size 4096K, 76 young (311296K), 1 survivors (4096K)
 Metaspace       used 2817K, capacity 4806K, committed 5120K, reserved 1056768K
  class space    used 253K, capacity 429K, committed 512K, reserved 1048576K
}
Event: 1248.732 GC heap after
{Heap after GC invocations=9 (full 0):
 garbage-first heap   total 524288K, used 1665K [0x0000000603400000, 0x0000000800000000)
  region size 4096K, 1 young (4096K), 1 survivors (4096K)
 Metaspace       used 2817K, capacity 4806K, committed 5120K, reserved 1056768K
  class space    used 253K, capacity 429K, committed 512K, reserved 1048576K
}
Event: 1495.013 GC heap before
{Heap before GC invocations=9 (full 0):
 garbage-first heap   total 524288K, used 308865K [0x0000000603400000, 0x0000000800000000)
  region size 4096K, 76 young (311296K), 1 survivors (4096K)
 Metaspace       used 2837K, capacity 4806K, committed 5120K, reserved 1056768K
  class space    used 255K, capacity 429K, committed 512K, reserved 1048576K
}
Event: 1495.015 GC heap after
{Heap after GC invocations=10 (full 0):
 garbage-first heap   total 524288K, used 1690K [0x0000000603400000, 0x0000000800000000)
  region size 4096K, 1 young (4096K), 1 survivors (4096K)
 Metaspace       used 2837K, capacity 4806K, committed 5120K, reserved 1056768K
  class space    used 255K, capacity 429K, committed 512K, reserved 1048576K
}

